<?xml version="1.0" encoding="UTF-8"?>
<testng-results skipped="0" failed="0" ignored="0" total="1" passed="1">
  <reporter-output>
  </reporter-output>
  <suite name="Default suite" duration-ms="6660" started-at="2023-01-09T22:27:47Z" finished-at="2023-01-09T22:27:54Z">
    <groups>
    </groups>
    <test name="Default test" duration-ms="6660" started-at="2023-01-09T22:27:47Z" finished-at="2023-01-09T22:27:54Z">
      <class name="test.AddContactTest">
        <test-method status="PASS" signature="userShouldBeAbleToAddCustomer()[pri:0, instance:test.AddContactTest@7c16905e]" name="userShouldBeAbleToAddCustomer" duration-ms="6645" started-at="2023-01-09T16:27:47Z" finished-at="2023-01-09T16:27:54Z">
          <reporter-output>
          </reporter-output>
        </test-method> <!-- userShouldBeAbleToAddCustomer -->
      </class> <!-- test.AddContactTest -->
    </test> <!-- Default test -->
  </suite> <!-- Default suite -->
</testng-results>
